TN:Tests
SF:/usr/include/c++/9/bits/cpp_type_traits.h
FN:428,_ZSt12__miter_baseIPNSt7__cxx114listIN9HashTable5TListESaIS3_EEEET_S7_
FNDA:8,_ZSt12__miter_baseIPNSt7__cxx114listIN9HashTable5TListESaIS3_EEEET_S7_
DA:428,8
DA:429,8
end_of_record
SF:/usr/include/c++/9/bits/allocator.h
FN:137,_ZNSaISt10_List_nodeIN9HashTable5TListEEEC2Ev
FNDA:4884,_ZNSaISt10_List_nodeIN9HashTable5TListEEEC2Ev
FN:140,_ZNSaISt10_List_nodeIN9HashTable5TListEEEC2ERKS3_
FNDA:3,_ZNSaISt10_List_nodeIN9HashTable5TListEEEC2ERKS3_
FN:150,_ZNSaISt10_List_nodeIN9HashTable5TListEEEC2IS1_EERKSaIT_E
FNDA:3,_ZNSaISt10_List_nodeIN9HashTable5TListEEEC2IS1_EERKSaIT_E
FN:150,_ZNSaIN9HashTable5TListEEC2ISt10_List_nodeIS0_EEERKSaIT_E
FNDA:3,_ZNSaIN9HashTable5TListEEC2ISt10_List_nodeIS0_EEERKSaIT_E
FN:152,_ZNSaIN9HashTable5TListEED2Ev
FNDA:3,_ZNSaIN9HashTable5TListEED2Ev
FN:152,_ZNSaISt10_List_nodeIN9HashTable5TListEEED2Ev
FNDA:2842,_ZNSaISt10_List_nodeIN9HashTable5TListEEED2Ev
FN:159,_ZStneRKSaISt10_List_nodeIN9HashTable5TListEEES5_
FNDA:0,_ZStneRKSaISt10_List_nodeIN9HashTable5TListEEES5_
FN:237,_ZNSt11__alloc_neqISaISt10_List_nodeIN9HashTable5TListEEELb1EE8_S_do_itERKS4_S7_
FNDA:3,_ZNSt11__alloc_neqISaISt10_List_nodeIN9HashTable5TListEEELb1EE8_S_do_itERKS4_S7_
DA:137,4884
DA:140,3
DA:141,3
DA:150,3
DA:150,3
DA:152,3
DA:152,2842
DA:159,0
DA:160,0
DA:237,3
DA:238,3
end_of_record
SF:/usr/include/c++/9/bits/stl_iterator_base_funcs.h
FN:98,_ZSt10__distanceIPcENSt15iterator_traitsIT_E15difference_typeES2_S2_St26random_access_iterator_tag
FNDA:0,_ZSt10__distanceIPcENSt15iterator_traitsIT_E15difference_typeES2_S2_St26random_access_iterator_tag
FN:138,_ZSt8distanceIPcENSt15iterator_traitsIT_E15difference_typeES2_S2_
FNDA:0,_ZSt8distanceIPcENSt15iterator_traitsIT_E15difference_typeES2_S2_
DA:98,0
DA:104,0
DA:138,0
DA:141,0
DA:142,0
end_of_record
SF:/usr/include/c++/9/bits/alloc_traits.h
FN:442,_ZNSt16allocator_traitsISaISt10_List_nodeIN9HashTable5TListEEEE8allocateERS4_m
FNDA:2461,_ZNSt16allocator_traitsISaISt10_List_nodeIN9HashTable5TListEEEE8allocateERS4_m
FN:468,_ZNSt16allocator_traitsISaISt10_List_nodeIN9HashTable5TListEEEE10deallocateERS4_PS3_m
FNDA:1034,_ZNSt16allocator_traitsISaISt10_List_nodeIN9HashTable5TListEEEE10deallocateERS4_PS3_m
FN:481,_ZNSt16allocator_traitsISaISt10_List_nodeIN9HashTable5TListEEEE9constructIS2_JRKS2_EEEvRS4_PT_DpOT0_
FNDA:5,_ZNSt16allocator_traitsISaISt10_List_nodeIN9HashTable5TListEEEE9constructIS2_JRKS2_EEEvRS4_PT_DpOT0_
FN:481,_ZNSt16allocator_traitsISaISt10_List_nodeIN9HashTable5TListEEEE9constructIS2_JS2_EEEvRS4_PT_DpOT0_
FNDA:2456,_ZNSt16allocator_traitsISaISt10_List_nodeIN9HashTable5TListEEEE9constructIS2_JS2_EEEvRS4_PT_DpOT0_
FN:494,_ZNSt16allocator_traitsISaISt10_List_nodeIN9HashTable5TListEEEE7destroyIS2_EEvRS4_PT_
FNDA:1034,_ZNSt16allocator_traitsISaISt10_List_nodeIN9HashTable5TListEEEE7destroyIS2_EEvRS4_PT_
FN:513,_ZNSt16allocator_traitsISaIcEE37select_on_container_copy_constructionERKS0_
FNDA:0,_ZNSt16allocator_traitsISaIcEE37select_on_container_copy_constructionERKS0_
FN:525,_ZSt18__do_alloc_on_copyISaISt10_List_nodeIN9HashTable5TListEEEEvRT_RKS5_St17integral_constantIbLb0EE
FNDA:0,_ZSt18__do_alloc_on_copyISaISt10_List_nodeIN9HashTable5TListEEEEvRT_RKS5_St17integral_constantIbLb0EE
FN:529,_ZSt15__alloc_on_copyISaISt10_List_nodeIN9HashTable5TListEEEEvRT_RKS5_
FNDA:0,_ZSt15__alloc_on_copyISaISt10_List_nodeIN9HashTable5TListEEEEvRT_RKS5_
DA:442,2461
DA:443,2461
DA:468,1034
DA:469,1034
DA:481,5
DA:483,5
DA:481,2456
DA:483,2456
DA:494,1034
DA:496,1034
DA:513,0
DA:514,0
DA:525,0
DA:526,0
DA:529,0
DA:533,0
DA:534,0
end_of_record
SF:/home/dogshawa/Рабочий стол/opp/21212_Menshchikov/labs/lab1/HashTable.cpp
FN:5,_ZN6TValueC2Ejj
FNDA:7,_ZN6TValueC2Ejj
FN:9,_ZeqRK6TValueS1_
FNDA:9,_ZeqRK6TValueS1_
FN:15,_ZN9HashTable5TListC2ERKNSt7__cxx1112basic_stringIcSt11char_traitsIcESaIcEEERK6TValue
FNDA:2456,_ZN9HashTable5TListC2ERKNSt7__cxx1112basic_stringIcSt11char_traitsIcESaIcEEERK6TValue
FN:19,_ZN9HashTableC2Ev
FNDA:15,_ZN9HashTableC2Ev
FN:23,_ZN9HashTableC2Em
FNDA:9,_ZN9HashTableC2Em
FN:27,_ZN9HashTableD2Ev
FNDA:28,_ZN9HashTableD2Ev
FN:32,_ZN9HashTableC2ERKS_
FNDA:3,_ZN9HashTableC2ERKS_
FN:37,_ZN9HashTableC2EOS_
FNDA:1,_ZN9HashTableC2EOS_
FN:44,_ZN9HashTable4swapERS_
FNDA:1,_ZN9HashTable4swapERS_
FN:52,_ZN9HashTableaSERKS_
FNDA:1,_ZN9HashTableaSERKS_
FN:67,_ZN9HashTableaSEOS_
FNDA:10,_ZN9HashTableaSEOS_
FN:80,_ZN9HashTable5clearEv
FNDA:30,_ZN9HashTable5clearEv
FN:89,_ZN9HashTable5eraseERKNSt7__cxx1112basic_stringIcSt11char_traitsIcESaIcEEE
FNDA:1,_ZN9HashTable5eraseERKNSt7__cxx1112basic_stringIcSt11char_traitsIcESaIcEEE
FN:94,_ZN9HashTable6insertERKNSt7__cxx1112basic_stringIcSt11char_traitsIcESaIcEEERK6TValue
FNDA:2458,_ZN9HashTable6insertERKNSt7__cxx1112basic_stringIcSt11char_traitsIcESaIcEEERK6TValue
FN:111,_ZNK9HashTable8containsERKNSt7__cxx1112basic_stringIcSt11char_traitsIcESaIcEEE
FNDA:0,_ZNK9HashTable8containsERKNSt7__cxx1112basic_stringIcSt11char_traitsIcESaIcEEE
FN:123,_ZNK9HashTable8containsERKNSt7__cxx1112basic_stringIcSt11char_traitsIcESaIcEEEm
FNDA:2458,_ZNK9HashTable8containsERKNSt7__cxx1112basic_stringIcSt11char_traitsIcESaIcEEEm
FN:137,_ZN9HashTableixERKNSt7__cxx1112basic_stringIcSt11char_traitsIcESaIcEEE
FNDA:4,_ZN9HashTableixERKNSt7__cxx1112basic_stringIcSt11char_traitsIcESaIcEEE
FN:154,_ZN9HashTable2atERKNSt7__cxx1112basic_stringIcSt11char_traitsIcESaIcEEE
FNDA:2,_ZN9HashTable2atERKNSt7__cxx1112basic_stringIcSt11char_traitsIcESaIcEEE
FN:168,_ZNK9HashTable2atERKNSt7__cxx1112basic_stringIcSt11char_traitsIcESaIcEEE
FNDA:0,_ZNK9HashTable2atERKNSt7__cxx1112basic_stringIcSt11char_traitsIcESaIcEEE
FN:183,_ZNK9HashTable4sizeEv
FNDA:2528,_ZNK9HashTable4sizeEv
FN:187,_ZNK9HashTable5countEv
FNDA:1,_ZNK9HashTable5countEv
FN:191,_ZNK9HashTable5emptyEv
FNDA:5,_ZNK9HashTable5emptyEv
FN:195,_ZeqRKN9HashTable5TListES2_
FNDA:4,_ZeqRKN9HashTable5TListES2_
FN:199,_ZeqRK9HashTableS1_
FNDA:3,_ZeqRK9HashTableS1_
FN:215,_ZneRK9HashTableS1_
FNDA:0,_ZneRK9HashTableS1_
FN:219,_ZNK9HashTable7GetHashERKNSt7__cxx1112basic_stringIcSt11char_traitsIcESaIcEEE
FNDA:2466,_ZNK9HashTable7GetHashERKNSt7__cxx1112basic_stringIcSt11char_traitsIcESaIcEEE
FN:230,_ZN9HashTable3delERKNSt7__cxx1112basic_stringIcSt11char_traitsIcESaIcEEEm
FNDA:1,_ZN9HashTable3delERKNSt7__cxx1112basic_stringIcSt11char_traitsIcESaIcEEEm
FN:244,_ZN9HashTable10ReCreationEv
FNDA:8,_ZN9HashTable10ReCreationEv
DA:5,7
DA:6,7
DA:7,7
DA:9,9
DA:10,9
DA:15,2456
DA:16,2456
DA:17,2456
DA:19,15
DA:20,255
DA:21,15
DA:23,9
DA:24,4605
DA:25,9
DA:27,56
DA:28,28
DA:29,2864
DA:30,28
DA:32,3
DA:33,51
DA:34,3
DA:35,3
DA:37,1
DA:38,1
DA:39,1
DA:40,1
DA:41,1
DA:42,1
DA:44,1
DA:45,2
DA:46,1
DA:47,1
DA:48,1
DA:49,1
DA:50,1
DA:52,1
DA:53,1
DA:54,0
DA:56,1
DA:57,1
DA:58,1
DA:59,1
DA:61,0
DA:63,1
DA:64,1
DA:67,10
DA:68,10
DA:69,10
DA:70,10
DA:71,0
DA:73,10
DA:74,10
DA:75,10
DA:76,10
DA:77,10
DA:80,30
DA:81,30
DA:82,2889
DA:83,2868
DA:85,21
DA:87,30
DA:89,1
DA:90,1
DA:91,1
DA:94,2458
DA:95,2458
DA:96,2458
DA:97,2
DA:100,2456
DA:101,8
DA:104,2456
DA:105,1861
DA:107,2456
DA:108,2456
DA:111,0
DA:112,0
DA:113,0
DA:114,0
DA:115,0
DA:116,0
DA:120,0
DA:123,2458
DA:124,2458
DA:126,1337
DA:128,741
DA:130,2
DA:134,2456
DA:137,4
DA:138,4
DA:139,4
DA:141,3
DA:142,4
DA:144,4
DA:146,3
DA:150,1
DA:151,1
DA:154,2
DA:155,2
DA:156,2
DA:157,1
DA:158,1
DA:159,1
DA:160,1
DA:164,1
DA:165,1
DA:168,0
DA:169,0
DA:170,0
DA:171,0
DA:172,0
DA:173,0
DA:174,0
DA:178,0
DA:179,0
DA:183,2528
DA:184,2528
DA:187,1
DA:188,1
DA:191,5
DA:192,5
DA:195,4
DA:196,4
DA:199,3
DA:200,3
DA:201,0
DA:203,3
DA:204,0
DA:206,51
DA:207,48
DA:208,0
DA:212,3
DA:215,0
DA:216,0
DA:219,2466
DA:220,2466
DA:221,2466
DA:222,26851
DA:223,24385
DA:224,24385
DA:226,2466
DA:227,2466
DA:230,1
DA:231,1
DA:232,1
DA:233,1
DA:234,1
DA:235,1
DA:236,1
DA:237,1
DA:241,0
DA:244,8
DA:245,16
DA:246,2056
DA:247,2048
DA:248,3475
DA:249,1427
DA:252,8
DA:253,16
end_of_record
SF:/usr/include/c++/9/bits/list.tcc
FN:66,_ZNSt7__cxx1110_List_baseIN9HashTable5TListESaIS2_EE8_M_clearEv
FNDA:5707,_ZNSt7__cxx1110_List_baseIN9HashTable5TListESaIS2_EE8_M_clearEv
FN:133,_ZNSt7__cxx114listIN9HashTable5TListESaIS2_EE6insertISt20_List_const_iteratorIS2_EvEESt14_List_iteratorIS2_ES7_T_SA_
FNDA:3,_ZNSt7__cxx114listIN9HashTable5TListESaIS2_EE6insertISt20_List_const_iteratorIS2_EvEESt14_List_iteratorIS2_ES7_T_SA_
FN:150,_ZNSt7__cxx114listIN9HashTable5TListESaIS2_EE5eraseESt20_List_const_iteratorIS2_E
FNDA:1,_ZNSt7__cxx114listIN9HashTable5TListESaIS2_EE5eraseESt20_List_const_iteratorIS2_E
FN:267,_ZNSt7__cxx114listIN9HashTable5TListESaIS2_EEaSERKS4_
FNDA:64,_ZNSt7__cxx114listIN9HashTable5TListESaIS2_EEaSERKS4_
FN:308,_ZNSt7__cxx114listIN9HashTable5TListESaIS2_EE18_M_assign_dispatchISt20_List_const_iteratorIS2_EEEvT_S8_St12__false_type
FNDA:64,_ZNSt7__cxx114listIN9HashTable5TListESaIS2_EE18_M_assign_dispatchISt20_List_const_iteratorIS2_EEEvT_S8_St12__false_type
DA:66,5707
DA:70,5707
DA:71,6740
DA:73,1033
DA:74,1033
DA:75,1033
DA:77,1033
DA:81,1033
DA:83,5707
DA:133,3
DA:137,6
DA:138,3
DA:140,3
DA:141,3
DA:142,3
DA:144,0
DA:150,1
DA:157,1
DA:158,1
DA:159,1
DA:267,64
DA:270,64
DA:273,64
DA:275,0
DA:276,0
DA:277,0
DA:278,0
DA:281,0
DA:283,0
DA:286,64
DA:288,64
DA:308,64
DA:312,64
DA:313,64
DA:314,64
DA:315,0
DA:316,0
DA:317,64
DA:318,61
DA:320,3
DA:321,64
end_of_record
SF:/usr/include/c++/9/bits/stl_algobase.h
FN:280,_ZSt12__niter_baseIPNSt7__cxx114listIN9HashTable5TListESaIS3_EEEET_S7_
FNDA:12,_ZSt12__niter_baseIPNSt7__cxx114listIN9HashTable5TListESaIS3_EEEET_S7_
FN:295,_ZSt12__niter_wrapIPNSt7__cxx114listIN9HashTable5TListESaIS3_EEEET_RKS7_S7_
FNDA:4,_ZSt12__niter_wrapIPNSt7__cxx114listIN9HashTable5TListESaIS3_EEEET_RKS7_S7_
FN:337,_ZNSt11__copy_moveILb0ELb0ESt26random_access_iterator_tagE8__copy_mIPNSt7__cxx114listIN9HashTable5TListESaIS6_EEES9_EET0_T_SB_SA_
FNDA:4,_ZNSt11__copy_moveILb0ELb0ESt26random_access_iterator_tagE8__copy_mIPNSt7__cxx114listIN9HashTable5TListESaIS6_EEES9_EET0_T_SB_SA_
FN:393,_ZSt13__copy_move_aILb0EPNSt7__cxx114listIN9HashTable5TListESaIS3_EEES6_ET1_T0_S8_S7_
FNDA:4,_ZSt13__copy_move_aILb0EPNSt7__cxx114listIN9HashTable5TListESaIS3_EEES6_ET1_T0_S8_S7_
FN:438,_ZSt14__copy_move_a2ILb0EPNSt7__cxx114listIN9HashTable5TListESaIS3_EEES6_ET1_T0_S8_S7_
FNDA:4,_ZSt14__copy_move_a2ILb0EPNSt7__cxx114listIN9HashTable5TListESaIS3_EEES6_ET1_T0_S8_S7_
FN:465,_ZSt4copyIPNSt7__cxx114listIN9HashTable5TListESaIS3_EEES6_ET0_T_S8_S7_
FNDA:4,_ZSt4copyIPNSt7__cxx114listIN9HashTable5TListESaIS3_EEES6_ET0_T_S8_S7_
DA:280,12
DA:282,12
DA:295,4
DA:296,4
DA:337,4
DA:340,68
DA:342,64
DA:343,64
DA:344,64
DA:346,4
DA:393,4
DA:398,4
DA:404,4
DA:438,4
DA:440,4
DA:443,4
DA:465,4
DA:474,4
end_of_record
SF:/usr/include/c++/9/ext/new_allocator.h
FN:80,_ZN9__gnu_cxx13new_allocatorIN9HashTable5TListEEC2Ev
FNDA:3,_ZN9__gnu_cxx13new_allocatorIN9HashTable5TListEEC2Ev
FN:80,_ZN9__gnu_cxx13new_allocatorISt10_List_nodeIN9HashTable5TListEEEC2Ev
FNDA:4887,_ZN9__gnu_cxx13new_allocatorISt10_List_nodeIN9HashTable5TListEEEC2Ev
FN:83,_ZN9__gnu_cxx13new_allocatorISt10_List_nodeIN9HashTable5TListEEEC2ERKS5_
FNDA:3,_ZN9__gnu_cxx13new_allocatorISt10_List_nodeIN9HashTable5TListEEEC2ERKS5_
FN:83,_ZN9__gnu_cxx13new_allocatorIcEC2ERKS1_
FNDA:0,_ZN9__gnu_cxx13new_allocatorIcEC2ERKS1_
FN:89,_ZN9__gnu_cxx13new_allocatorIN9HashTable5TListEED2Ev
FNDA:3,_ZN9__gnu_cxx13new_allocatorIN9HashTable5TListEED2Ev
FN:89,_ZN9__gnu_cxx13new_allocatorISt10_List_nodeIN9HashTable5TListEEED2Ev
FNDA:2842,_ZN9__gnu_cxx13new_allocatorISt10_List_nodeIN9HashTable5TListEEED2Ev
FN:89,_ZN9__gnu_cxx13new_allocatorIcED2Ev
FNDA:0,_ZN9__gnu_cxx13new_allocatorIcED2Ev
FN:102,_ZN9__gnu_cxx13new_allocatorISt10_List_nodeIN9HashTable5TListEEE8allocateEmPKv
FNDA:2461,_ZN9__gnu_cxx13new_allocatorISt10_List_nodeIN9HashTable5TListEEE8allocateEmPKv
FN:119,_ZN9__gnu_cxx13new_allocatorISt10_List_nodeIN9HashTable5TListEEE10deallocateEPS4_m
FNDA:1034,_ZN9__gnu_cxx13new_allocatorISt10_List_nodeIN9HashTable5TListEEE10deallocateEPS4_m
FN:132,_ZNK9__gnu_cxx13new_allocatorISt10_List_nodeIN9HashTable5TListEEE8max_sizeEv
FNDA:2461,_ZNK9__gnu_cxx13new_allocatorISt10_List_nodeIN9HashTable5TListEEE8max_sizeEv
FN:144,_ZN9__gnu_cxx13new_allocatorISt10_List_nodeIN9HashTable5TListEEE9constructIS3_JRKS3_EEEvPT_DpOT0_
FNDA:5,_ZN9__gnu_cxx13new_allocatorISt10_List_nodeIN9HashTable5TListEEE9constructIS3_JRKS3_EEEvPT_DpOT0_
FN:144,_ZN9__gnu_cxx13new_allocatorISt10_List_nodeIN9HashTable5TListEEE9constructIS3_JS3_EEEvPT_DpOT0_
FNDA:2456,_ZN9__gnu_cxx13new_allocatorISt10_List_nodeIN9HashTable5TListEEE9constructIS3_JS3_EEEvPT_DpOT0_
FN:150,_ZN9__gnu_cxx13new_allocatorISt10_List_nodeIN9HashTable5TListEEE7destroyIS3_EEvPT_
FNDA:1034,_ZN9__gnu_cxx13new_allocatorISt10_List_nodeIN9HashTable5TListEEE7destroyIS3_EEvPT_
DA:80,3
DA:80,4887
DA:83,3
DA:83,0
DA:89,3
DA:89,2842
DA:89,0
DA:102,2461
DA:104,2461
DA:105,0
DA:114,2461
DA:119,1034
DA:128,1034
DA:129,1034
DA:132,2461
DA:135,2461
DA:144,5
DA:146,5
DA:144,2456
DA:146,2456
DA:150,1034
DA:152,1034
end_of_record
SF:/usr/include/c++/9/bits/stl_list.h
FN:109,_ZNSt8__detail17_List_node_headerC2Ev
FNDA:4887,_ZNSt8__detail17_List_node_headerC2Ev
FN:149,_ZNSt8__detail17_List_node_header7_M_initEv
FNDA:7755,_ZNSt8__detail17_List_node_header7_M_initEv
FN:170,_ZNSt10_List_nodeIN9HashTable5TListEE9_M_valptrEv
FNDA:7101,_ZNSt10_List_nodeIN9HashTable5TListEE9_M_valptrEv
FN:171,_ZNKSt10_List_nodeIN9HashTable5TListEE9_M_valptrEv
FNDA:13,_ZNKSt10_List_nodeIN9HashTable5TListEE9_M_valptrEv
FN:200,_ZNSt14_List_iteratorIN9HashTable5TListEEC2EPNSt8__detail15_List_node_baseE
FNDA:10134,_ZNSt14_List_iteratorIN9HashTable5TListEEC2EPNSt8__detail15_List_node_baseE
FN:209,_ZNKSt14_List_iteratorIN9HashTable5TListEEdeEv
FNDA:1,_ZNKSt14_List_iteratorIN9HashTable5TListEEdeEv
FN:213,_ZNKSt14_List_iteratorIN9HashTable5TListEEptEv
FNDA:3605,_ZNKSt14_List_iteratorIN9HashTable5TListEEptEv
FN:217,_ZNSt14_List_iteratorIN9HashTable5TListEEppEv
FNDA:1427,_ZNSt14_List_iteratorIN9HashTable5TListEEppEv
FN:224,_ZNSt14_List_iteratorIN9HashTable5TListEEppEi
FNDA:740,_ZNSt14_List_iteratorIN9HashTable5TListEEppEi
FN:251,_ZStneRKSt14_List_iteratorIN9HashTable5TListEES4_
FNDA:4882,_ZStneRKSt14_List_iteratorIN9HashTable5TListEES4_
FN:280,_ZNSt20_List_const_iteratorIN9HashTable5TListEEC2EPKNSt8__detail15_List_node_baseE
FNDA:320,_ZNSt20_List_const_iteratorIN9HashTable5TListEEC2EPKNSt8__detail15_List_node_baseE
FN:284,_ZNSt20_List_const_iteratorIN9HashTable5TListEEC2ERKSt14_List_iteratorIS1_E
FNDA:126,_ZNSt20_List_const_iteratorIN9HashTable5TListEEC2ERKSt14_List_iteratorIS1_E
FN:288,_ZNKSt20_List_const_iteratorIN9HashTable5TListEE13_M_const_castEv
FNDA:65,_ZNKSt20_List_const_iteratorIN9HashTable5TListEE13_M_const_castEv
FN:293,_ZNKSt20_List_const_iteratorIN9HashTable5TListEEdeEv
FNDA:13,_ZNKSt20_List_const_iteratorIN9HashTable5TListEEdeEv
FN:301,_ZNSt20_List_const_iteratorIN9HashTable5TListEEppEv
FNDA:13,_ZNSt20_List_const_iteratorIN9HashTable5TListEEppEv
FN:331,_ZSteqRKSt20_List_const_iteratorIN9HashTable5TListEES4_
FNDA:160,_ZSteqRKSt20_List_const_iteratorIN9HashTable5TListEES4_
FN:335,_ZStneRKSt20_List_const_iteratorIN9HashTable5TListEES4_
FNDA:125,_ZStneRKSt20_List_const_iteratorIN9HashTable5TListEES4_
FN:375,_ZNSt7__cxx1110_List_baseIN9HashTable5TListESaIS2_EE10_List_implC2Ev
FNDA:4884,_ZNSt7__cxx1110_List_baseIN9HashTable5TListESaIS2_EE10_List_implC2Ev
FN:391,_ZNSt7__cxx1110_List_baseIN9HashTable5TListESaIS2_EE10_List_implC2EOSaISt10_List_nodeIS2_EE
FNDA:3,_ZNSt7__cxx1110_List_baseIN9HashTable5TListESaIS2_EE10_List_implC2EOSaISt10_List_nodeIS2_EE
FN:400,_ZNKSt7__cxx1110_List_baseIN9HashTable5TListESaIS2_EE11_M_get_sizeEv
FNDA:99,_ZNKSt7__cxx1110_List_baseIN9HashTable5TListESaIS2_EE11_M_get_sizeEv
FN:402,_ZNSt7__cxx1110_List_baseIN9HashTable5TListESaIS2_EE11_M_set_sizeEm
FNDA:3,_ZNSt7__cxx1110_List_baseIN9HashTable5TListESaIS2_EE11_M_set_sizeEm
FN:404,_ZNSt7__cxx1110_List_baseIN9HashTable5TListESaIS2_EE11_M_inc_sizeEm
FNDA:2464,_ZNSt7__cxx1110_List_baseIN9HashTable5TListESaIS2_EE11_M_inc_sizeEm
FN:406,_ZNSt7__cxx1110_List_baseIN9HashTable5TListESaIS2_EE11_M_dec_sizeEm
FNDA:1,_ZNSt7__cxx1110_List_baseIN9HashTable5TListESaIS2_EE11_M_dec_sizeEm
FN:437,_ZNSt7__cxx1110_List_baseIN9HashTable5TListESaIS2_EE11_M_get_nodeEv
FNDA:2461,_ZNSt7__cxx1110_List_baseIN9HashTable5TListESaIS2_EE11_M_get_nodeEv
FN:441,_ZNSt7__cxx1110_List_baseIN9HashTable5TListESaIS2_EE11_M_put_nodeEPSt10_List_nodeIS2_E
FNDA:1034,_ZNSt7__cxx1110_List_baseIN9HashTable5TListESaIS2_EE11_M_put_nodeEPSt10_List_nodeIS2_E
FN:448,_ZNSt7__cxx1110_List_baseIN9HashTable5TListESaIS2_EE21_M_get_Node_allocatorEv
FNDA:3501,_ZNSt7__cxx1110_List_baseIN9HashTable5TListESaIS2_EE21_M_get_Node_allocatorEv
FN:452,_ZNKSt7__cxx1110_List_baseIN9HashTable5TListESaIS2_EE21_M_get_Node_allocatorEv
FNDA:3,_ZNKSt7__cxx1110_List_baseIN9HashTable5TListESaIS2_EE21_M_get_Node_allocatorEv
FN:456,_ZNSt7__cxx1110_List_baseIN9HashTable5TListESaIS2_EEC2Ev
FNDA:4884,_ZNSt7__cxx1110_List_baseIN9HashTable5TListESaIS2_EEC2Ev
FN:484,_ZNSt7__cxx1110_List_baseIN9HashTable5TListESaIS2_EEC2EOSaISt10_List_nodeIS2_EE
FNDA:3,_ZNSt7__cxx1110_List_baseIN9HashTable5TListESaIS2_EEC2EOSaISt10_List_nodeIS2_EE
FN:494,_ZNSt7__cxx1110_List_baseIN9HashTable5TListESaIS2_EED2Ev
FNDA:2839,_ZNSt7__cxx1110_List_baseIN9HashTable5TListESaIS2_EED2Ev
FN:501,_ZNSt7__cxx1110_List_baseIN9HashTable5TListESaIS2_EE7_M_initEv
FNDA:2868,_ZNSt7__cxx1110_List_baseIN9HashTable5TListESaIS2_EE7_M_initEv
FN:628,_ZNSt7__cxx114listIN9HashTable5TListESaIS2_EE14_M_create_nodeIJS2_EEEPSt10_List_nodeIS2_EDpOT_
FNDA:2456,_ZNSt7__cxx114listIN9HashTable5TListESaIS2_EE14_M_create_nodeIJS2_EEEPSt10_List_nodeIS2_EDpOT_
FN:628,_ZNSt7__cxx114listIN9HashTable5TListESaIS2_EE14_M_create_nodeIJRKS2_EEEPSt10_List_nodeIS2_EDpOT_
FNDA:5,_ZNSt7__cxx114listIN9HashTable5TListESaIS2_EE14_M_create_nodeIJRKS2_EEEPSt10_List_nodeIS2_EDpOT_
FN:647,_ZNKSt7__cxx114listIN9HashTable5TListESaIS2_EE13_M_node_countEv
FNDA:96,_ZNKSt7__cxx114listIN9HashTable5TListESaIS2_EE13_M_node_countEv
FN:669,_ZNSt7__cxx114listIN9HashTable5TListESaIS2_EEC2Ev
FNDA:4884,_ZNSt7__cxx114listIN9HashTable5TListESaIS2_EEC2Ev
FN:799,_ZNSt7__cxx114listIN9HashTable5TListESaIS2_EEC2ISt20_List_const_iteratorIS2_EvEET_S8_RKS3_
FNDA:3,_ZNSt7__cxx114listIN9HashTable5TListESaIS2_EEC2ISt20_List_const_iteratorIS2_EvEET_S8_RKS3_
FN:823,_ZNSt7__cxx114listIN9HashTable5TListESaIS2_EED2Ev
FNDA:2839,_ZNSt7__cxx114listIN9HashTable5TListESaIS2_EED2Ev
FN:932,_ZNKSt7__cxx114listIN9HashTable5TListESaIS2_EE13get_allocatorEv
FNDA:3,_ZNKSt7__cxx114listIN9HashTable5TListESaIS2_EE13get_allocatorEv
FN:941,_ZNSt7__cxx114listIN9HashTable5TListESaIS2_EE5beginEv
FNDA:2722,_ZNSt7__cxx114listIN9HashTable5TListESaIS2_EE5beginEv
FN:950,_ZNKSt7__cxx114listIN9HashTable5TListESaIS2_EE5beginEv
FNDA:160,_ZNKSt7__cxx114listIN9HashTable5TListESaIS2_EE5beginEv
FN:959,_ZNSt7__cxx114listIN9HashTable5TListESaIS2_EE3endEv
FNDA:7346,_ZNSt7__cxx114listIN9HashTable5TListESaIS2_EE3endEv
FN:968,_ZNKSt7__cxx114listIN9HashTable5TListESaIS2_EE3endEv
FNDA:160,_ZNKSt7__cxx114listIN9HashTable5TListESaIS2_EE3endEv
FN:1051,_ZNKSt7__cxx114listIN9HashTable5TListESaIS2_EE5emptyEv
FNDA:4927,_ZNKSt7__cxx114listIN9HashTable5TListESaIS2_EE5emptyEv
FN:1056,_ZNKSt7__cxx114listIN9HashTable5TListESaIS2_EE4sizeEv
FNDA:96,_ZNKSt7__cxx114listIN9HashTable5TListESaIS2_EE4sizeEv
FN:1110,_ZNSt7__cxx114listIN9HashTable5TListESaIS2_EE5frontEv
FNDA:1,_ZNSt7__cxx114listIN9HashTable5TListESaIS2_EE5frontEv
FN:1212,_ZNSt7__cxx114listIN9HashTable5TListESaIS2_EE9push_backEOS2_
FNDA:2456,_ZNSt7__cxx114listIN9HashTable5TListESaIS2_EE9push_backEOS2_
FN:1221,_ZNSt7__cxx114listIN9HashTable5TListESaIS2_EE12emplace_backIJRKS2_EEEvDpOT_
FNDA:5,_ZNSt7__cxx114listIN9HashTable5TListESaIS2_EE12emplace_backIJRKS2_EEEvDpOT_
FN:1452,_ZNSt7__cxx114listIN9HashTable5TListESaIS2_EE5eraseESt20_List_const_iteratorIS2_ES6_
FNDA:61,_ZNSt7__cxx114listIN9HashTable5TListESaIS2_EE5eraseESt20_List_const_iteratorIS2_ES6_
FN:1494,_ZNSt7__cxx114listIN9HashTable5TListESaIS2_EE5clearEv
FNDA:2868,_ZNSt7__cxx114listIN9HashTable5TListESaIS2_EE5clearEv
FN:1514,_ZNSt7__cxx114listIN9HashTable5TListESaIS2_EE6spliceESt20_List_const_iteratorIS2_EOS4_
FNDA:3,_ZNSt7__cxx114listIN9HashTable5TListESaIS2_EE6spliceESt20_List_const_iteratorIS2_EOS4_
FN:1533,_ZNSt7__cxx114listIN9HashTable5TListESaIS2_EE6spliceESt20_List_const_iteratorIS2_ERS4_
FNDA:3,_ZNSt7__cxx114listIN9HashTable5TListESaIS2_EE6spliceESt20_List_const_iteratorIS2_ERS4_
FN:1831,_ZNSt7__cxx114listIN9HashTable5TListESaIS2_EE22_M_initialize_dispatchISt20_List_const_iteratorIS2_EEEvT_S8_St12__false_type
FNDA:3,_ZNSt7__cxx114listIN9HashTable5TListESaIS2_EE22_M_initialize_dispatchISt20_List_const_iteratorIS2_EEEvT_S8_St12__false_type
FN:1890,_ZNSt7__cxx114listIN9HashTable5TListESaIS2_EE11_M_transferESt14_List_iteratorIS2_ES6_S6_
FNDA:3,_ZNSt7__cxx114listIN9HashTable5TListESaIS2_EE11_M_transferESt14_List_iteratorIS2_ES6_S6_
FN:1905,_ZNSt7__cxx114listIN9HashTable5TListESaIS2_EE9_M_insertIJRKS2_EEEvSt14_List_iteratorIS2_EDpOT_
FNDA:5,_ZNSt7__cxx114listIN9HashTable5TListESaIS2_EE9_M_insertIJRKS2_EEEvSt14_List_iteratorIS2_EDpOT_
FN:1905,_ZNSt7__cxx114listIN9HashTable5TListESaIS2_EE9_M_insertIJS2_EEEvSt14_List_iteratorIS2_EDpOT_
FNDA:2456,_ZNSt7__cxx114listIN9HashTable5TListESaIS2_EE9_M_insertIJS2_EEEvSt14_List_iteratorIS2_EDpOT_
FN:1915,_ZNSt7__cxx114listIN9HashTable5TListESaIS2_EE8_M_eraseESt14_List_iteratorIS2_E
FNDA:1,_ZNSt7__cxx114listIN9HashTable5TListESaIS2_EE8_M_eraseESt14_List_iteratorIS2_E
FN:1931,_ZNSt7__cxx114listIN9HashTable5TListESaIS2_EE25_M_check_equal_allocatorsERS4_
FNDA:3,_ZNSt7__cxx114listIN9HashTable5TListESaIS2_EE25_M_check_equal_allocatorsERS4_
FN:1991,_ZSteqIN9HashTable5TListESaIS1_EEbRKNSt7__cxx114listIT_T0_EES9_
FNDA:48,_ZSteqIN9HashTable5TListESaIS1_EEbRKNSt7__cxx114listIT_T0_EES9_
FN:2032,_ZStneIN9HashTable5TListESaIS1_EEbRKNSt7__cxx114listIT_T0_EES9_
FNDA:48,_ZStneIN9HashTable5TListESaIS1_EEbRKNSt7__cxx114listIT_T0_EES9_
DA:109,4887
DA:110,4887
DA:149,7755
DA:151,7755
DA:153,7755
DA:155,7755
DA:170,7101
DA:171,13
DA:200,10134
DA:201,10134
DA:209,1
DA:210,1
DA:213,3605
DA:214,3605
DA:217,1427
DA:219,1427
DA:220,1427
DA:224,740
DA:226,740
DA:227,740
DA:228,740
DA:251,4882
DA:252,4882
DA:280,320
DA:282,320
DA:284,126
DA:285,126
DA:288,65
DA:289,65
DA:293,13
DA:294,13
DA:301,13
DA:303,13
DA:304,13
DA:331,160
DA:332,160
DA:335,125
DA:336,125
DA:375,4884
DA:377,4884
DA:378,4884
DA:391,3
DA:392,3
DA:393,3
DA:400,99
DA:402,3
DA:404,2464
DA:406,1
DA:437,2461
DA:438,2461
DA:441,1034
DA:442,1034
DA:448,3501
DA:449,3501
DA:452,3
DA:453,3
DA:456,4884
DA:484,3
DA:485,3
DA:486,3
DA:494,2839
DA:495,2839
DA:501,2868
DA:502,2868
DA:628,5
DA:630,5
DA:631,5
DA:632,5
DA:633,5
DA:635,5
DA:636,10
DA:628,2456
DA:630,2456
DA:631,2456
DA:632,2456
DA:633,2456
DA:635,2456
DA:636,4912
DA:647,96
DA:648,96
DA:669,4884
DA:799,3
DA:801,3
DA:802,3
DA:823,2839
DA:932,3
DA:933,3
DA:941,2722
DA:942,2722
DA:950,160
DA:951,160
DA:959,7346
DA:960,7346
DA:968,160
DA:969,160
DA:1051,4927
DA:1052,4927
DA:1056,96
DA:1057,96
DA:1110,1
DA:1111,1
DA:1212,2456
DA:1213,2456
DA:1221,5
DA:1223,5
DA:1227,5
DA:1452,61
DA:1457,61
DA:1458,0
DA:1459,61
DA:1494,2868
DA:1496,2868
DA:1497,2868
DA:1498,2868
DA:1514,3
DA:1519,3
DA:1521,3
DA:1523,3
DA:1526,3
DA:1527,3
DA:1529,3
DA:1533,3
DA:1534,3
DA:1831,8
DA:1834,8
DA:1836,5
DA:1840,3
DA:1890,3
DA:1891,3
DA:1905,5
DA:1907,5
DA:1908,5
DA:1909,5
DA:1910,5
DA:1905,2456
DA:1907,2456
DA:1908,2456
DA:1909,2456
DA:1910,2456
DA:1915,1
DA:1917,1
DA:1918,1
DA:1919,1
DA:1921,1
DA:1926,1
DA:1927,1
DA:1931,3
DA:1933,3
DA:1934,3
DA:1935,0
DA:1936,3
DA:1991,48
DA:1994,48
DA:1995,0
DA:1999,48
DA:2000,48
DA:2002,48
DA:2003,48
DA:2004,52
DA:2006,4
DA:2007,4
DA:2009,48
DA:2032,48
DA:2033,48
end_of_record
SF:/usr/include/c++/9/bits/stl_iterator_base_types.h
FN:205,_ZSt19__iterator_categoryIPcENSt15iterator_traitsIT_E17iterator_categoryERKS2_
FNDA:0,_ZSt19__iterator_categoryIPcENSt15iterator_traitsIT_E17iterator_categoryERKS2_
DA:205,0
DA:206,0
end_of_record
SF:/usr/include/c++/9/bits/move.h
FN:47,_ZSt11__addressofIKNSt7__cxx114listIN9HashTable5TListESaIS3_EEEEPT_RS7_
FNDA:64,_ZSt11__addressofIKNSt7__cxx114listIN9HashTable5TListESaIS3_EEEEPT_RS7_
FN:47,_ZSt11__addressofISaISt10_List_nodeIN9HashTable5TListEEEEPT_RS5_
FNDA:2461,_ZSt11__addressofISaISt10_List_nodeIN9HashTable5TListEEEEPT_RS5_
FN:74,_ZSt7forwardIRKN9HashTable5TListEEOT_RNSt16remove_referenceIS4_E4typeE
FNDA:25,_ZSt7forwardIRKN9HashTable5TListEEOT_RNSt16remove_referenceIS4_E4typeE
FN:74,_ZSt7forwardIN9HashTable5TListEEOT_RNSt16remove_referenceIS2_E4typeE
FNDA:9824,_ZSt7forwardIN9HashTable5TListEEOT_RNSt16remove_referenceIS2_E4typeE
FN:99,_ZSt4moveIRSaISt10_List_nodeIN9HashTable5TListEEEEONSt16remove_referenceIT_E4typeEOS7_
FNDA:6,_ZSt4moveIRSaISt10_List_nodeIN9HashTable5TListEEEEONSt16remove_referenceIT_E4typeEOS7_
FN:99,_ZSt4moveIRNSt7__cxx114listIN9HashTable5TListESaIS3_EEEEONSt16remove_referenceIT_E4typeEOS8_
FNDA:3,_ZSt4moveIRNSt7__cxx114listIN9HashTable5TListESaIS3_EEEEONSt16remove_referenceIT_E4typeEOS8_
FN:99,_ZSt4moveIRN9HashTable5TListEEONSt16remove_referenceIT_E4typeEOS4_
FNDA:2456,_ZSt4moveIRN9HashTable5TListEEONSt16remove_referenceIT_E4typeEOS4_
FN:99,_ZSt4moveIRSaIcEEONSt16remove_referenceIT_E4typeEOS3_
FNDA:0,_ZSt4moveIRSaIcEEONSt16remove_referenceIT_E4typeEOS3_
FN:99,_ZSt4moveIRPNSt7__cxx114listIN9HashTable5TListESaIS3_EEEEONSt16remove_referenceIT_E4typeEOS9_
FNDA:10,_ZSt4moveIRPNSt7__cxx114listIN9HashTable5TListESaIS3_EEEEONSt16remove_referenceIT_E4typeEOS9_
FN:99,_ZSt4moveIR9HashTableEONSt16remove_referenceIT_E4typeEOS3_
FNDA:11,_ZSt4moveIR9HashTableEONSt16remove_referenceIT_E4typeEOS3_
DA:47,64
DA:48,64
DA:47,2461
DA:48,2461
DA:74,25
DA:75,25
DA:74,9824
DA:75,9824
DA:99,6
DA:100,6
DA:99,3
DA:100,3
DA:99,2456
DA:100,2456
DA:99,0
DA:100,0
DA:99,10
DA:100,10
DA:99,11
DA:100,11
end_of_record
SF:/usr/include/c++/9/new
FN:173,_ZnwmPv
FNDA:2461,_ZnwmPv
FN:179,_ZdlPvS_
FNDA:0,_ZdlPvS_
DA:173,2461
DA:174,2461
DA:179,0
end_of_record
SF:/usr/include/c++/9/ext/alloc_traits.h
FN:97,_ZN9__gnu_cxx14__alloc_traitsISaIcEcE17_S_select_on_copyERKS1_
FNDA:0,_ZN9__gnu_cxx14__alloc_traitsISaIcEcE17_S_select_on_copyERKS1_
FN:103,_ZN9__gnu_cxx14__alloc_traitsISaISt10_List_nodeIN9HashTable5TListEEES4_E27_S_propagate_on_copy_assignEv
FNDA:64,_ZN9__gnu_cxx14__alloc_traitsISaISt10_List_nodeIN9HashTable5TListEEES4_E27_S_propagate_on_copy_assignEv
FN:112,_ZN9__gnu_cxx14__alloc_traitsISaISt10_List_nodeIN9HashTable5TListEEES4_E15_S_always_equalEv
FNDA:0,_ZN9__gnu_cxx14__alloc_traitsISaISt10_List_nodeIN9HashTable5TListEEES4_E15_S_always_equalEv
DA:97,0
DA:98,0
DA:103,64
DA:104,64
DA:112,0
DA:113,0
end_of_record
SF:/usr/include/c++/9/ext/aligned_buffer.h
FN:64,_ZN9__gnu_cxx16__aligned_membufIN9HashTable5TListEE7_M_addrEv
FNDA:7101,_ZN9__gnu_cxx16__aligned_membufIN9HashTable5TListEE7_M_addrEv
FN:68,_ZNK9__gnu_cxx16__aligned_membufIN9HashTable5TListEE7_M_addrEv
FNDA:13,_ZNK9__gnu_cxx16__aligned_membufIN9HashTable5TListEE7_M_addrEv
FN:72,_ZN9__gnu_cxx16__aligned_membufIN9HashTable5TListEE6_M_ptrEv
FNDA:7101,_ZN9__gnu_cxx16__aligned_membufIN9HashTable5TListEE6_M_ptrEv
FN:76,_ZNK9__gnu_cxx16__aligned_membufIN9HashTable5TListEE6_M_ptrEv
FNDA:13,_ZNK9__gnu_cxx16__aligned_membufIN9HashTable5TListEE6_M_ptrEv
DA:64,7101
DA:65,7101
DA:68,13
DA:69,13
DA:72,7101
DA:73,7101
DA:76,13
DA:77,13
end_of_record
SF:/usr/include/c++/9/bits/char_traits.h
FN:315,_ZNSt11char_traitsIcE7compareEPKcS2_m
FNDA:743,_ZNSt11char_traitsIcE7compareEPKcS2_m
DA:315,743
DA:317,743
DA:318,0
DA:332,743
end_of_record
SF:/usr/include/c++/9/bits/basic_string.tcc
FN:206,_ZNSt7__cxx1112basic_stringIcSt11char_traitsIcESaIcEE12_M_constructIPcEEvT_S7_St20forward_iterator_tag
FNDA:0,_ZNSt7__cxx1112basic_stringIcSt11char_traitsIcESaIcEE12_M_constructIPcEEvT_S7_St20forward_iterator_tag
DA:206,0
DA:211,0
DA:212,0
DA:215,0
DA:217,0
DA:219,0
DA:220,0
DA:225,0
DA:226,0
DA:228,0
DA:229,0
DA:232,0
DA:233,0
end_of_record
SF:/home/dogshawa/Рабочий стол/opp/21212_Menshchikov/labs/lab1/HashTable.h
FN:16,_ZN6TValueC2Ev
FNDA:5,_ZN6TValueC2Ev
FN:75,_ZN9HashTable5TListD2Ev
FNDA:3490,_ZN9HashTable5TListD2Ev
DA:16,5
DA:75,3490
end_of_record
SF:/usr/include/c++/9/iostream
end_of_record
SF:/usr/include/c++/9/ext/type_traits.h
FN:152,_ZN9__gnu_cxx17__is_null_pointerIcEEbPT_
FNDA:0,_ZN9__gnu_cxx17__is_null_pointerIcEEbPT_
DA:152,0
DA:153,0
end_of_record
SF:/usr/include/c++/9/bits/allocated_ptr.h
FN:52,_ZNSt15__allocated_ptrISaISt10_List_nodeIN9HashTable5TListEEEEC2ERS4_PS3_
FNDA:2461,_ZNSt15__allocated_ptrISaISt10_List_nodeIN9HashTable5TListEEEEC2ERS4_PS3_
FN:70,_ZNSt15__allocated_ptrISaISt10_List_nodeIN9HashTable5TListEEEED2Ev
FNDA:2461,_ZNSt15__allocated_ptrISaISt10_List_nodeIN9HashTable5TListEEEED2Ev
FN:78,_ZNSt15__allocated_ptrISaISt10_List_nodeIN9HashTable5TListEEEEaSEDn
FNDA:2461,_ZNSt15__allocated_ptrISaISt10_List_nodeIN9HashTable5TListEEEEaSEDn
DA:52,2461
DA:53,2461
DA:54,2461
DA:70,2461
DA:72,2461
DA:73,0
DA:74,2461
DA:78,2461
DA:80,2461
DA:81,2461
end_of_record
SF:/usr/include/c++/9/bits/basic_string.h
FN:247,_ZNSt7__cxx1112basic_stringIcSt11char_traitsIcESaIcEE16_M_construct_auxIPcEEvT_S7_St12__false_type
FNDA:0,_ZNSt7__cxx1112basic_stringIcSt11char_traitsIcESaIcEE16_M_construct_auxIPcEEvT_S7_St12__false_type
FN:267,_ZNSt7__cxx1112basic_stringIcSt11char_traitsIcESaIcEE12_M_constructIPcEEvT_S7_
FNDA:0,_ZNSt7__cxx1112basic_stringIcSt11char_traitsIcESaIcEE12_M_constructIPcEEvT_S7_
FN:6152,_ZSteqIcEN9__gnu_cxx11__enable_ifIXsrSt9__is_charIT_E7__valueEbE6__typeERKNSt7__cxx1112basic_stringIS3_St11char_traitsIS3_ESaIS3_EEESE_
FNDA:751,_ZSteqIcEN9__gnu_cxx11__enable_ifIXsrSt9__is_charIT_E7__valueEbE6__typeERKNSt7__cxx1112basic_stringIS3_St11char_traitsIS3_ESaIS3_EEESE_
DA:247,0
DA:251,0
DA:252,0
DA:267,0
DA:270,0
DA:271,0
DA:6152,751
DA:6154,751
DA:6155,751
DA:6156,751
end_of_record
TN:Tests
SF:/usr/include/c++/9/bits/basic_string.tcc
FN:206,_ZNSt7__cxx1112basic_stringIcSt11char_traitsIcESaIcEE12_M_constructIPcEEvT_S7_St20forward_iterator_tag
FNDA:0,_ZNSt7__cxx1112basic_stringIcSt11char_traitsIcESaIcEE12_M_constructIPcEEvT_S7_St20forward_iterator_tag
FN:206,_ZNSt7__cxx1112basic_stringIcSt11char_traitsIcESaIcEE12_M_constructIPKcEEvT_S8_St20forward_iterator_tag
FNDA:0,_ZNSt7__cxx1112basic_stringIcSt11char_traitsIcESaIcEE12_M_constructIPKcEEvT_S8_St20forward_iterator_tag
DA:206,0
DA:211,0
DA:212,0
DA:215,0
DA:217,0
DA:219,0
DA:220,0
DA:225,0
DA:226,0
DA:228,0
DA:229,0
DA:232,0
DA:233,0
DA:206,0
DA:211,0
DA:212,0
DA:215,0
DA:217,0
DA:219,0
DA:220,0
DA:225,0
DA:226,0
DA:228,0
DA:229,0
DA:232,0
DA:233,0
end_of_record
SF:/usr/include/gtest/internal/gtest-internal.h
FN:442,_ZN7testing8internal15TestFactoryBaseD2Ev
FNDA:16,_ZN7testing8internal15TestFactoryBaseD2Ev
FN:442,_ZN7testing8internal15TestFactoryBaseD0Ev
FNDA:0,_ZN7testing8internal15TestFactoryBaseD0Ev
FN:449,_ZN7testing8internal15TestFactoryBaseC2Ev
FNDA:16,_ZN7testing8internal15TestFactoryBaseC2Ev
FN:460,_ZN7testing8internal15TestFactoryImplI21Functions_TEST_6_TestE10CreateTestEv
FNDA:1,_ZN7testing8internal15TestFactoryImplI21Functions_TEST_6_TestE10CreateTestEv
FN:460,_ZN7testing8internal15TestFactoryImplI22Functions_TEST_10_TestE10CreateTestEv
FNDA:1,_ZN7testing8internal15TestFactoryImplI22Functions_TEST_10_TestE10CreateTestEv
FN:460,_ZN7testing8internal15TestFactoryImplI21Functions_TEST_9_TestE10CreateTestEv
FNDA:1,_ZN7testing8internal15TestFactoryImplI21Functions_TEST_9_TestE10CreateTestEv
FN:460,_ZN7testing8internal15TestFactoryImplI21Functions_TEST_8_TestE10CreateTestEv
FNDA:1,_ZN7testing8internal15TestFactoryImplI21Functions_TEST_8_TestE10CreateTestEv
FN:460,_ZN7testing8internal15TestFactoryImplI21Functions_TEST_7_TestE10CreateTestEv
FNDA:1,_ZN7testing8internal15TestFactoryImplI21Functions_TEST_7_TestE10CreateTestEv
FN:460,_ZN7testing8internal15TestFactoryImplI24Constructors_TEST_1_TestE10CreateTestEv
FNDA:1,_ZN7testing8internal15TestFactoryImplI24Constructors_TEST_1_TestE10CreateTestEv
FN:460,_ZN7testing8internal15TestFactoryImplI21Functions_TEST_5_TestE10CreateTestEv
FNDA:1,_ZN7testing8internal15TestFactoryImplI21Functions_TEST_5_TestE10CreateTestEv
FN:460,_ZN7testing8internal15TestFactoryImplI21Functions_TEST_4_TestE10CreateTestEv
FNDA:1,_ZN7testing8internal15TestFactoryImplI21Functions_TEST_4_TestE10CreateTestEv
FN:460,_ZN7testing8internal15TestFactoryImplI21Functions_TEST_3_TestE10CreateTestEv
FNDA:1,_ZN7testing8internal15TestFactoryImplI21Functions_TEST_3_TestE10CreateTestEv
FN:460,_ZN7testing8internal15TestFactoryImplI21Functions_TEST_2_TestE10CreateTestEv
FNDA:1,_ZN7testing8internal15TestFactoryImplI21Functions_TEST_2_TestE10CreateTestEv
FN:460,_ZN7testing8internal15TestFactoryImplI21Functions_TEST_1_TestE10CreateTestEv
FNDA:1,_ZN7testing8internal15TestFactoryImplI21Functions_TEST_1_TestE10CreateTestEv
FN:460,_ZN7testing8internal15TestFactoryImplI24Constructors_TEST_6_TestE10CreateTestEv
FNDA:1,_ZN7testing8internal15TestFactoryImplI24Constructors_TEST_6_TestE10CreateTestEv
FN:460,_ZN7testing8internal15TestFactoryImplI24Constructors_TEST_5_TestE10CreateTestEv
FNDA:1,_ZN7testing8internal15TestFactoryImplI24Constructors_TEST_5_TestE10CreateTestEv
FN:460,_ZN7testing8internal15TestFactoryImplI24Constructors_TEST_4_TestE10CreateTestEv
FNDA:1,_ZN7testing8internal15TestFactoryImplI24Constructors_TEST_4_TestE10CreateTestEv
FN:460,_ZN7testing8internal15TestFactoryImplI24Constructors_TEST_3_TestE10CreateTestEv
FNDA:1,_ZN7testing8internal15TestFactoryImplI24Constructors_TEST_3_TestE10CreateTestEv
FN:460,_ZN7testing8internal15TestFactoryImplI24Constructors_TEST_2_TestE10CreateTestEv
FNDA:1,_ZN7testing8internal15TestFactoryImplI24Constructors_TEST_2_TestE10CreateTestEv
FN:481,_ZN7testing8internal12CodeLocationC2ERKNSt7__cxx1112basic_stringIcSt11char_traitsIcESaIcEEEi
FNDA:16,_ZN7testing8internal12CodeLocationC2ERKNSt7__cxx1112basic_stringIcSt11char_traitsIcESaIcEEEi
FN:494,_ZN7testing8internal19GetNotDefaultOrNullEPFvvES2_
FNDA:64,_ZN7testing8internal19GetNotDefaultOrNullEPFvvES2_
FN:509,_ZN7testing8internal16SuiteApiResolverINS_4TestEE19GetSetUpCaseOrSuiteEPKci
FNDA:16,_ZN7testing8internal16SuiteApiResolverINS_4TestEE19GetSetUpCaseOrSuiteEPKci
FN:524,_ZN7testing8internal16SuiteApiResolverINS_4TestEE22GetTearDownCaseOrSuiteEPKci
FNDA:16,_ZN7testing8internal16SuiteApiResolverINS_4TestEE22GetTearDownCaseOrSuiteEPKci
DA:442,0
DA:442,16
DA:449,16
DA:460,1
DA:460,1
DA:460,1
DA:460,1
DA:460,1
DA:460,1
DA:460,1
DA:460,1
DA:460,1
DA:460,1
DA:460,1
DA:460,1
DA:460,1
DA:460,1
DA:460,1
DA:460,1
DA:481,16
DA:482,16
DA:494,64
DA:496,64
DA:509,16
DA:512,16
DA:514,16
DA:516,16
DA:519,0
DA:521,16
DA:524,16
DA:527,16
DA:529,16
DA:531,16
DA:534,0
DA:536,16
end_of_record
SF:/home/dogshawa/Рабочий стол/opp/21212_Menshchikov/labs/lab1/HashTable.h
FN:16,_ZN6TValueC2Ev
FNDA:0,_ZN6TValueC2Ev
DA:16,0
end_of_record
SF:/usr/include/c++/9/bits/char_traits.h
FN:336,_ZNSt11char_traitsIcE6lengthEPKc
FNDA:0,_ZNSt11char_traitsIcE6lengthEPKc
DA:336,0
DA:342,0
end_of_record
SF:/usr/include/c++/9/bits/move.h
FN:99,_ZSt4moveIRPNSt7__cxx1112basic_stringIcSt11char_traitsIcESaIcEEEEONSt16remove_referenceIT_E4typeEOS9_
FNDA:0,_ZSt4moveIRPNSt7__cxx1112basic_stringIcSt11char_traitsIcESaIcEEEEONSt16remove_referenceIT_E4typeEOS9_
FN:99,_ZSt4moveIRPNSt7__cxx1118basic_stringstreamIcSt11char_traitsIcESaIcEEEEONSt16remove_referenceIT_E4typeEOS9_
FNDA:0,_ZSt4moveIRPNSt7__cxx1118basic_stringstreamIcSt11char_traitsIcESaIcEEEEONSt16remove_referenceIT_E4typeEOS9_
FN:99,_ZSt4moveIRSaIcEEONSt16remove_referenceIT_E4typeEOS3_
FNDA:0,_ZSt4moveIRSaIcEEONSt16remove_referenceIT_E4typeEOS3_
DA:99,0
DA:100,0
DA:99,0
DA:100,0
DA:99,0
DA:100,0
end_of_record
SF:/usr/include/gtest/gtest.h
FN:293,_ZN7testing15AssertionResultC2IbEERKT_PNSt9enable_ifIXntsrSt14is_convertibleIS2_S0_E5valueEvE4typeE
FNDA:15,_ZN7testing15AssertionResultC2IbEERKT_PNSt9enable_ifIXntsrSt14is_convertibleIS2_S0_E5valueEvE4typeE
FN:312,_ZNK7testing15AssertionResultcvbEv
FNDA:15,_ZNK7testing15AssertionResultcvbEv
FN:417,_ZN7testing4Test14SetUpTestSuiteEv
FNDA:0,_ZN7testing4Test14SetUpTestSuiteEv
FN:427,_ZN7testing4Test17TearDownTestSuiteEv
FNDA:0,_ZN7testing4Test17TearDownTestSuiteEv
FN:431,_ZN7testing4Test16TearDownTestCaseEv
FNDA:0,_ZN7testing4Test16TearDownTestCaseEv
FN:432,_ZN7testing4Test13SetUpTestCaseEv
FNDA:0,_ZN7testing4Test13SetUpTestCaseEv
FN:513,_ZN7testing4Test5SetupEv
FNDA:0,_ZN7testing4Test5SetupEv
FN:2472,_Z13RUN_ALL_TESTSv
FNDA:1,_Z13RUN_ALL_TESTSv
DA:293,15
DA:299,15
DA:312,15
DA:417,0
DA:427,0
DA:431,0
DA:432,0
DA:513,0
DA:2472,1
DA:2473,1
end_of_record
SF:/usr/include/c++/9/ext/alloc_traits.h
FN:97,_ZN9__gnu_cxx14__alloc_traitsISaIcEcE17_S_select_on_copyERKS1_
FNDA:0,_ZN9__gnu_cxx14__alloc_traitsISaIcEcE17_S_select_on_copyERKS1_
DA:97,0
DA:98,0
end_of_record
SF:/usr/include/c++/9/bits/stl_iterator_base_types.h
FN:205,_ZSt19__iterator_categoryIPcENSt15iterator_traitsIT_E17iterator_categoryERKS2_
FNDA:0,_ZSt19__iterator_categoryIPcENSt15iterator_traitsIT_E17iterator_categoryERKS2_
FN:205,_ZSt19__iterator_categoryIPKcENSt15iterator_traitsIT_E17iterator_categoryERKS3_
FNDA:0,_ZSt19__iterator_categoryIPKcENSt15iterator_traitsIT_E17iterator_categoryERKS3_
DA:205,0
DA:206,0
DA:205,0
DA:206,0
end_of_record
SF:/usr/include/c++/9/ext/new_allocator.h
FN:80,_ZN9__gnu_cxx13new_allocatorIcEC2Ev
FNDA:0,_ZN9__gnu_cxx13new_allocatorIcEC2Ev
FN:83,_ZN9__gnu_cxx13new_allocatorIcEC2ERKS1_
FNDA:0,_ZN9__gnu_cxx13new_allocatorIcEC2ERKS1_
FN:89,_ZN9__gnu_cxx13new_allocatorIcED2Ev
FNDA:0,_ZN9__gnu_cxx13new_allocatorIcED2Ev
DA:80,0
DA:83,0
DA:89,0
end_of_record
SF:/usr/include/gtest/gtest-message.h
end_of_record
SF:/usr/include/c++/9/bits/alloc_traits.h
FN:513,_ZNSt16allocator_traitsISaIcEE37select_on_container_copy_constructionERKS0_
FNDA:0,_ZNSt16allocator_traitsISaIcEE37select_on_container_copy_constructionERKS0_
DA:513,0
DA:514,0
end_of_record
SF:/usr/include/c++/9/bits/stl_iterator_base_funcs.h
FN:98,_ZSt10__distanceIPcENSt15iterator_traitsIT_E15difference_typeES2_S2_St26random_access_iterator_tag
FNDA:0,_ZSt10__distanceIPcENSt15iterator_traitsIT_E15difference_typeES2_S2_St26random_access_iterator_tag
FN:98,_ZSt10__distanceIPKcENSt15iterator_traitsIT_E15difference_typeES3_S3_St26random_access_iterator_tag
FNDA:0,_ZSt10__distanceIPKcENSt15iterator_traitsIT_E15difference_typeES3_S3_St26random_access_iterator_tag
FN:138,_ZSt8distanceIPcENSt15iterator_traitsIT_E15difference_typeES2_S2_
FNDA:0,_ZSt8distanceIPcENSt15iterator_traitsIT_E15difference_typeES2_S2_
FN:138,_ZSt8distanceIPKcENSt15iterator_traitsIT_E15difference_typeES3_S3_
FNDA:0,_ZSt8distanceIPKcENSt15iterator_traitsIT_E15difference_typeES3_S3_
DA:98,0
DA:104,0
DA:98,0
DA:104,0
DA:138,0
DA:141,0
DA:142,0
DA:138,0
DA:141,0
DA:142,0
end_of_record
SF:/home/dogshawa/Рабочий стол/opp/21212_Menshchikov/labs/lab1/Tests.cpp
FN:5,_ZN24Constructors_TEST_1_TestC2Ev
FNDA:1,_ZN24Constructors_TEST_1_TestC2Ev
FN:5,_ZN24Constructors_TEST_1_Test8TestBodyEv
FNDA:1,_ZN24Constructors_TEST_1_Test8TestBodyEv
FN:11,_ZN24Constructors_TEST_2_TestC2Ev
FNDA:1,_ZN24Constructors_TEST_2_TestC2Ev
FN:11,_ZN24Constructors_TEST_2_Test8TestBodyEv
FNDA:1,_ZN24Constructors_TEST_2_Test8TestBodyEv
FN:16,_ZN24Constructors_TEST_3_TestC2Ev
FNDA:1,_ZN24Constructors_TEST_3_TestC2Ev
FN:16,_ZN24Constructors_TEST_3_Test8TestBodyEv
FNDA:1,_ZN24Constructors_TEST_3_Test8TestBodyEv
FN:22,_ZN24Constructors_TEST_4_Test8TestBodyEv
FNDA:1,_ZN24Constructors_TEST_4_Test8TestBodyEv
FN:22,_ZN24Constructors_TEST_4_TestC2Ev
FNDA:1,_ZN24Constructors_TEST_4_TestC2Ev
FN:27,_ZN24Constructors_TEST_5_TestC2Ev
FNDA:1,_ZN24Constructors_TEST_5_TestC2Ev
FN:27,_ZN24Constructors_TEST_5_Test8TestBodyEv
FNDA:1,_ZN24Constructors_TEST_5_Test8TestBodyEv
FN:32,_ZN24Constructors_TEST_6_TestC2Ev
FNDA:1,_ZN24Constructors_TEST_6_TestC2Ev
FN:32,_ZN24Constructors_TEST_6_Test8TestBodyEv
FNDA:1,_ZN24Constructors_TEST_6_Test8TestBodyEv
FN:39,_ZN21Functions_TEST_1_TestC2Ev
FNDA:1,_ZN21Functions_TEST_1_TestC2Ev
FN:39,_ZN21Functions_TEST_1_Test8TestBodyEv
FNDA:1,_ZN21Functions_TEST_1_Test8TestBodyEv
FN:44,_ZN21Functions_TEST_2_TestC2Ev
FNDA:1,_ZN21Functions_TEST_2_TestC2Ev
FN:44,_ZN21Functions_TEST_2_Test8TestBodyEv
FNDA:1,_ZN21Functions_TEST_2_Test8TestBodyEv
FN:50,_ZN21Functions_TEST_3_TestC2Ev
FNDA:1,_ZN21Functions_TEST_3_TestC2Ev
FN:50,_ZN21Functions_TEST_3_Test8TestBodyEv
FNDA:1,_ZN21Functions_TEST_3_Test8TestBodyEv
FN:57,_ZN21Functions_TEST_4_TestC2Ev
FNDA:1,_ZN21Functions_TEST_4_TestC2Ev
FN:57,_ZN21Functions_TEST_4_Test8TestBodyEv
FNDA:1,_ZN21Functions_TEST_4_Test8TestBodyEv
FN:62,_ZN21Functions_TEST_5_TestC2Ev
FNDA:1,_ZN21Functions_TEST_5_TestC2Ev
FN:62,_ZN21Functions_TEST_5_Test8TestBodyEv
FNDA:1,_ZN21Functions_TEST_5_Test8TestBodyEv
FN:71,_ZN21Functions_TEST_6_TestC2Ev
FNDA:1,_ZN21Functions_TEST_6_TestC2Ev
FN:71,_ZN21Functions_TEST_6_Test8TestBodyEv
FNDA:1,_ZN21Functions_TEST_6_Test8TestBodyEv
FN:78,_ZN21Functions_TEST_7_TestC2Ev
FNDA:1,_ZN21Functions_TEST_7_TestC2Ev
FN:78,_ZN21Functions_TEST_7_Test8TestBodyEv
FNDA:1,_ZN21Functions_TEST_7_Test8TestBodyEv
FN:84,_ZN21Functions_TEST_8_TestC2Ev
FNDA:1,_ZN21Functions_TEST_8_TestC2Ev
FN:84,_ZN21Functions_TEST_8_Test8TestBodyEv
FNDA:1,_ZN21Functions_TEST_8_Test8TestBodyEv
FN:96,_ZN21Functions_TEST_9_TestC2Ev
FNDA:1,_ZN21Functions_TEST_9_TestC2Ev
FN:96,_ZN21Functions_TEST_9_Test8TestBodyEv
FNDA:1,_ZN21Functions_TEST_9_Test8TestBodyEv
FN:112,_ZN22Functions_TEST_10_TestC2Ev
FNDA:1,_ZN22Functions_TEST_10_TestC2Ev
FN:112,_ZN22Functions_TEST_10_Test8TestBodyEv
FNDA:1,_ZN22Functions_TEST_10_Test8TestBodyEv
FN:127,main
FNDA:1,main
DA:5,1
DA:6,2
DA:7,1
DA:9,1
DA:5,1
DA:11,1
DA:12,2
DA:13,1
DA:14,1
DA:11,1
DA:16,1
DA:17,2
DA:18,2
DA:19,1
DA:20,1
DA:16,1
DA:22,1
DA:23,2
DA:24,1
DA:25,1
DA:22,1
DA:27,1
DA:28,1
DA:29,1
DA:30,1
DA:27,1
DA:32,1
DA:33,1
DA:34,1
DA:35,1
DA:32,1
DA:39,1
DA:40,2
DA:41,1
DA:42,1
DA:39,1
DA:44,1
DA:45,2
DA:46,1
DA:47,1
DA:48,1
DA:44,1
DA:50,1
DA:51,2
DA:52,1
DA:53,1
DA:54,1
DA:55,1
DA:50,1
DA:57,1
DA:58,2
DA:59,1
DA:60,1
DA:57,1
DA:62,1
DA:63,2
DA:64,1
DA:65,1
DA:66,1
DA:67,1
DA:68,1
DA:69,1
DA:62,1
DA:71,1
DA:72,2
DA:73,1
DA:74,1
DA:75,1
DA:76,1
DA:71,1
DA:78,1
DA:79,2
DA:81,4
DA:82,1
DA:78,1
DA:84,1
DA:85,2
DA:86,1
DA:87,1
DA:88,1
DA:89,1
DA:90,1
DA:91,2
DA:92,1
DA:93,1
DA:94,1
DA:84,1
DA:96,1
DA:98,22
DA:100,20
DA:101,2
DA:103,21
DA:104,20
DA:105,20
DA:106,20
DA:108,1
DA:109,5
DA:110,1
DA:96,1
DA:112,1
DA:113,2
DA:114,1
DA:115,1001
DA:116,2000
DA:117,11000
DA:118,10000
DA:120,1000
DA:122,1
DA:124,1
DA:125,1
DA:112,1
DA:127,1
DA:128,1
DA:129,1
end_of_record
SF:/usr/include/c++/9/bits/unique_ptr.h
FN:75,_ZNKSt14default_deleteINSt7__cxx1112basic_stringIcSt11char_traitsIcESaIcEEEEclEPS5_
FNDA:0,_ZNKSt14default_deleteINSt7__cxx1112basic_stringIcSt11char_traitsIcESaIcEEEEclEPS5_
FN:75,_ZNKSt14default_deleteINSt7__cxx1118basic_stringstreamIcSt11char_traitsIcESaIcEEEEclEPS5_
FNDA:0,_ZNKSt14default_deleteINSt7__cxx1118basic_stringstreamIcSt11char_traitsIcESaIcEEEEclEPS5_
FN:146,_ZNSt15__uniq_ptr_implINSt7__cxx1112basic_stringIcSt11char_traitsIcESaIcEEESt14default_deleteIS5_EEC2Ev
FNDA:15,_ZNSt15__uniq_ptr_implINSt7__cxx1112basic_stringIcSt11char_traitsIcESaIcEEESt14default_deleteIS5_EEC2Ev
FN:153,_ZNSt15__uniq_ptr_implINSt7__cxx1112basic_stringIcSt11char_traitsIcESaIcEEESt14default_deleteIS5_EE6_M_ptrEv
FNDA:15,_ZNSt15__uniq_ptr_implINSt7__cxx1112basic_stringIcSt11char_traitsIcESaIcEEESt14default_deleteIS5_EE6_M_ptrEv
FN:153,_ZNSt15__uniq_ptr_implINSt7__cxx1118basic_stringstreamIcSt11char_traitsIcESaIcEEESt14default_deleteIS5_EE6_M_ptrEv
FNDA:0,_ZNSt15__uniq_ptr_implINSt7__cxx1118basic_stringstreamIcSt11char_traitsIcESaIcEEESt14default_deleteIS5_EE6_M_ptrEv
FN:155,_ZNSt15__uniq_ptr_implINSt7__cxx1112basic_stringIcSt11char_traitsIcESaIcEEESt14default_deleteIS5_EE10_M_deleterEv
FNDA:0,_ZNSt15__uniq_ptr_implINSt7__cxx1112basic_stringIcSt11char_traitsIcESaIcEEESt14default_deleteIS5_EE10_M_deleterEv
FN:155,_ZNSt15__uniq_ptr_implINSt7__cxx1118basic_stringstreamIcSt11char_traitsIcESaIcEEESt14default_deleteIS5_EE10_M_deleterEv
FNDA:0,_ZNSt15__uniq_ptr_implINSt7__cxx1118basic_stringstreamIcSt11char_traitsIcESaIcEEESt14default_deleteIS5_EE10_M_deleterEv
FN:199,_ZNSt10unique_ptrINSt7__cxx1112basic_stringIcSt11char_traitsIcESaIcEEESt14default_deleteIS5_EEC2IS7_vEEv
FNDA:15,_ZNSt10unique_ptrINSt7__cxx1112basic_stringIcSt11char_traitsIcESaIcEEESt14default_deleteIS5_EEC2IS7_vEEv
FN:286,_ZNSt10unique_ptrINSt7__cxx1112basic_stringIcSt11char_traitsIcESaIcEEESt14default_deleteIS5_EED2Ev
FNDA:15,_ZNSt10unique_ptrINSt7__cxx1112basic_stringIcSt11char_traitsIcESaIcEEESt14default_deleteIS5_EED2Ev
FN:286,_ZNSt10unique_ptrINSt7__cxx1118basic_stringstreamIcSt11char_traitsIcESaIcEEESt14default_deleteIS5_EED2Ev
FNDA:0,_ZNSt10unique_ptrINSt7__cxx1118basic_stringstreamIcSt11char_traitsIcESaIcEEESt14default_deleteIS5_EED2Ev
FN:365,_ZNSt10unique_ptrINSt7__cxx1112basic_stringIcSt11char_traitsIcESaIcEEESt14default_deleteIS5_EE11get_deleterEv
FNDA:0,_ZNSt10unique_ptrINSt7__cxx1112basic_stringIcSt11char_traitsIcESaIcEEESt14default_deleteIS5_EE11get_deleterEv
FN:365,_ZNSt10unique_ptrINSt7__cxx1118basic_stringstreamIcSt11char_traitsIcESaIcEEESt14default_deleteIS5_EE11get_deleterEv
FNDA:0,_ZNSt10unique_ptrINSt7__cxx1118basic_stringstreamIcSt11char_traitsIcESaIcEEESt14default_deleteIS5_EE11get_deleterEv
DA:75,0
DA:81,0
DA:82,0
DA:75,0
DA:81,0
DA:82,0
DA:146,15
DA:153,15
DA:153,0
DA:155,0
DA:155,0
DA:199,15
DA:200,15
DA:201,15
DA:286,15
DA:290,15
DA:291,15
DA:292,0
DA:293,15
DA:294,15
DA:286,0
DA:290,0
DA:291,0
DA:292,0
DA:293,0
DA:294,0
DA:365,0
DA:366,0
DA:365,0
DA:366,0
end_of_record
SF:/usr/include/c++/9/bits/basic_string.h
FN:247,_ZNSt7__cxx1112basic_stringIcSt11char_traitsIcESaIcEE16_M_construct_auxIPcEEvT_S7_St12__false_type
FNDA:0,_ZNSt7__cxx1112basic_stringIcSt11char_traitsIcESaIcEE16_M_construct_auxIPcEEvT_S7_St12__false_type
FN:247,_ZNSt7__cxx1112basic_stringIcSt11char_traitsIcESaIcEE16_M_construct_auxIPKcEEvT_S8_St12__false_type
FNDA:0,_ZNSt7__cxx1112basic_stringIcSt11char_traitsIcESaIcEE16_M_construct_auxIPKcEEvT_S8_St12__false_type
FN:267,_ZNSt7__cxx1112basic_stringIcSt11char_traitsIcESaIcEE12_M_constructIPcEEvT_S7_
FNDA:0,_ZNSt7__cxx1112basic_stringIcSt11char_traitsIcESaIcEE12_M_constructIPcEEvT_S7_
FN:267,_ZNSt7__cxx1112basic_stringIcSt11char_traitsIcESaIcEE12_M_constructIPKcEEvT_S8_
FNDA:0,_ZNSt7__cxx1112basic_stringIcSt11char_traitsIcESaIcEE12_M_constructIPKcEEvT_S8_
DA:247,0
DA:251,0
DA:252,0
DA:247,0
DA:251,0
DA:252,0
DA:267,0
DA:270,0
DA:271,0
DA:267,0
DA:270,0
DA:271,0
end_of_record
SF:/usr/include/gtest/internal/gtest-port.h
FN:957,_ZN7testing8internal8GTestLog9GetStreamEv
FNDA:0,_ZN7testing8internal8GTestLog9GetStreamEv
DA:957,0
end_of_record
SF:/usr/include/c++/9/tuple
FN:76,_ZNSt10_Head_baseILm1ESt14default_deleteINSt7__cxx1112basic_stringIcSt11char_traitsIcESaIcEEEELb1EEC2Ev
FNDA:15,_ZNSt10_Head_baseILm1ESt14default_deleteINSt7__cxx1112basic_stringIcSt11char_traitsIcESaIcEEEELb1EEC2Ev
FN:113,_ZNSt10_Head_baseILm1ESt14default_deleteINSt7__cxx1118basic_stringstreamIcSt11char_traitsIcESaIcEEEELb1EE7_M_headERS8_
FNDA:0,_ZNSt10_Head_baseILm1ESt14default_deleteINSt7__cxx1118basic_stringstreamIcSt11char_traitsIcESaIcEEEELb1EE7_M_headERS8_
FN:113,_ZNSt10_Head_baseILm1ESt14default_deleteINSt7__cxx1112basic_stringIcSt11char_traitsIcESaIcEEEELb1EE7_M_headERS8_
FNDA:0,_ZNSt10_Head_baseILm1ESt14default_deleteINSt7__cxx1112basic_stringIcSt11char_traitsIcESaIcEEEELb1EE7_M_headERS8_
FN:122,_ZNSt10_Head_baseILm0EPNSt7__cxx1112basic_stringIcSt11char_traitsIcESaIcEEELb0EEC2Ev
FNDA:15,_ZNSt10_Head_baseILm0EPNSt7__cxx1112basic_stringIcSt11char_traitsIcESaIcEEELb0EEC2Ev
FN:160,_ZNSt10_Head_baseILm0EPNSt7__cxx1112basic_stringIcSt11char_traitsIcESaIcEEELb0EE7_M_headERS7_
FNDA:15,_ZNSt10_Head_baseILm0EPNSt7__cxx1112basic_stringIcSt11char_traitsIcESaIcEEELb0EE7_M_headERS7_
FN:160,_ZNSt10_Head_baseILm0EPNSt7__cxx1118basic_stringstreamIcSt11char_traitsIcESaIcEEELb0EE7_M_headERS7_
FNDA:0,_ZNSt10_Head_baseILm0EPNSt7__cxx1118basic_stringstreamIcSt11char_traitsIcESaIcEEELb0EE7_M_headERS7_
FN:195,_ZNSt11_Tuple_implILm0EJPNSt7__cxx1118basic_stringstreamIcSt11char_traitsIcESaIcEEESt14default_deleteIS5_EEE7_M_headERS9_
FNDA:0,_ZNSt11_Tuple_implILm0EJPNSt7__cxx1118basic_stringstreamIcSt11char_traitsIcESaIcEEESt14default_deleteIS5_EEE7_M_headERS9_
FN:195,_ZNSt11_Tuple_implILm0EJPNSt7__cxx1112basic_stringIcSt11char_traitsIcESaIcEEESt14default_deleteIS5_EEE7_M_headERS9_
FNDA:15,_ZNSt11_Tuple_implILm0EJPNSt7__cxx1112basic_stringIcSt11char_traitsIcESaIcEEESt14default_deleteIS5_EEE7_M_headERS9_
FN:206,_ZNSt11_Tuple_implILm0EJPNSt7__cxx1112basic_stringIcSt11char_traitsIcESaIcEEESt14default_deleteIS5_EEEC2Ev
FNDA:15,_ZNSt11_Tuple_implILm0EJPNSt7__cxx1112basic_stringIcSt11char_traitsIcESaIcEEESt14default_deleteIS5_EEEC2Ev
FN:334,_ZNSt11_Tuple_implILm1EJSt14default_deleteINSt7__cxx1118basic_stringstreamIcSt11char_traitsIcESaIcEEEEEE7_M_headERS8_
FNDA:0,_ZNSt11_Tuple_implILm1EJSt14default_deleteINSt7__cxx1118basic_stringstreamIcSt11char_traitsIcESaIcEEEEEE7_M_headERS8_
FN:334,_ZNSt11_Tuple_implILm1EJSt14default_deleteINSt7__cxx1112basic_stringIcSt11char_traitsIcESaIcEEEEEE7_M_headERS8_
FNDA:0,_ZNSt11_Tuple_implILm1EJSt14default_deleteINSt7__cxx1112basic_stringIcSt11char_traitsIcESaIcEEEEEE7_M_headERS8_
FN:339,_ZNSt11_Tuple_implILm1EJSt14default_deleteINSt7__cxx1112basic_stringIcSt11char_traitsIcESaIcEEEEEEC2Ev
FNDA:15,_ZNSt11_Tuple_implILm1EJSt14default_deleteINSt7__cxx1112basic_stringIcSt11char_traitsIcESaIcEEEEEEC2Ev
FN:918,_ZNSt5tupleIJPNSt7__cxx1112basic_stringIcSt11char_traitsIcESaIcEEESt14default_deleteIS5_EEEC2IS6_S8_Lb1EEEv
FNDA:15,_ZNSt5tupleIJPNSt7__cxx1112basic_stringIcSt11char_traitsIcESaIcEEESt14default_deleteIS5_EEEC2IS6_S8_Lb1EEEv
FN:1309,_ZSt12__get_helperILm1ESt14default_deleteINSt7__cxx1112basic_stringIcSt11char_traitsIcESaIcEEEEJEERT0_RSt11_Tuple_implIXT_EJS8_DpT1_EE
FNDA:0,_ZSt12__get_helperILm1ESt14default_deleteINSt7__cxx1112basic_stringIcSt11char_traitsIcESaIcEEEEJEERT0_RSt11_Tuple_implIXT_EJS8_DpT1_EE
FN:1309,_ZSt12__get_helperILm1ESt14default_deleteINSt7__cxx1118basic_stringstreamIcSt11char_traitsIcESaIcEEEEJEERT0_RSt11_Tuple_implIXT_EJS8_DpT1_EE
FNDA:0,_ZSt12__get_helperILm1ESt14default_deleteINSt7__cxx1118basic_stringstreamIcSt11char_traitsIcESaIcEEEEJEERT0_RSt11_Tuple_implIXT_EJS8_DpT1_EE
FN:1309,_ZSt12__get_helperILm0EPNSt7__cxx1112basic_stringIcSt11char_traitsIcESaIcEEEJSt14default_deleteIS5_EEERT0_RSt11_Tuple_implIXT_EJS9_DpT1_EE
FNDA:15,_ZSt12__get_helperILm0EPNSt7__cxx1112basic_stringIcSt11char_traitsIcESaIcEEEJSt14default_deleteIS5_EEERT0_RSt11_Tuple_implIXT_EJS9_DpT1_EE
FN:1309,_ZSt12__get_helperILm0EPNSt7__cxx1118basic_stringstreamIcSt11char_traitsIcESaIcEEEJSt14default_deleteIS5_EEERT0_RSt11_Tuple_implIXT_EJS9_DpT1_EE
FNDA:0,_ZSt12__get_helperILm0EPNSt7__cxx1118basic_stringstreamIcSt11char_traitsIcESaIcEEEJSt14default_deleteIS5_EEERT0_RSt11_Tuple_implIXT_EJS9_DpT1_EE
FN:1320,_ZSt3getILm1EJPNSt7__cxx1112basic_stringIcSt11char_traitsIcESaIcEEESt14default_deleteIS5_EEERNSt13tuple_elementIXT_ESt5tupleIJDpT0_EEE4typeERSD_
FNDA:0,_ZSt3getILm1EJPNSt7__cxx1112basic_stringIcSt11char_traitsIcESaIcEEESt14default_deleteIS5_EEERNSt13tuple_elementIXT_ESt5tupleIJDpT0_EEE4typeERSD_
FN:1320,_ZSt3getILm1EJPNSt7__cxx1118basic_stringstreamIcSt11char_traitsIcESaIcEEESt14default_deleteIS5_EEERNSt13tuple_elementIXT_ESt5tupleIJDpT0_EEE4typeERSD_
FNDA:0,_ZSt3getILm1EJPNSt7__cxx1118basic_stringstreamIcSt11char_traitsIcESaIcEEESt14default_deleteIS5_EEERNSt13tuple_elementIXT_ESt5tupleIJDpT0_EEE4typeERSD_
FN:1320,_ZSt3getILm0EJPNSt7__cxx1112basic_stringIcSt11char_traitsIcESaIcEEESt14default_deleteIS5_EEERNSt13tuple_elementIXT_ESt5tupleIJDpT0_EEE4typeERSD_
FNDA:15,_ZSt3getILm0EJPNSt7__cxx1112basic_stringIcSt11char_traitsIcESaIcEEESt14default_deleteIS5_EEERNSt13tuple_elementIXT_ESt5tupleIJDpT0_EEE4typeERSD_
FN:1320,_ZSt3getILm0EJPNSt7__cxx1118basic_stringstreamIcSt11char_traitsIcESaIcEEESt14default_deleteIS5_EEERNSt13tuple_elementIXT_ESt5tupleIJDpT0_EEE4typeERSD_
FNDA:0,_ZSt3getILm0EJPNSt7__cxx1118basic_stringstreamIcSt11char_traitsIcESaIcEEESt14default_deleteIS5_EEERNSt13tuple_elementIXT_ESt5tupleIJDpT0_EEE4typeERSD_
DA:76,15
DA:77,15
DA:113,0
DA:113,0
DA:122,15
DA:123,15
DA:160,15
DA:160,0
DA:195,15
DA:195,0
DA:206,15
DA:207,15
DA:334,0
DA:334,0
DA:339,15
DA:340,15
DA:918,15
DA:919,15
DA:1309,0
DA:1310,0
DA:1309,0
DA:1310,0
DA:1309,15
DA:1310,15
DA:1309,0
DA:1310,0
DA:1320,0
DA:1321,0
DA:1320,0
DA:1321,0
DA:1320,15
DA:1321,15
DA:1320,0
DA:1321,0
end_of_record
SF:/usr/include/c++/9/ext/type_traits.h
FN:152,_ZN9__gnu_cxx17__is_null_pointerIcEEbPT_
FNDA:0,_ZN9__gnu_cxx17__is_null_pointerIcEEbPT_
FN:152,_ZN9__gnu_cxx17__is_null_pointerIKcEEbPT_
FNDA:0,_ZN9__gnu_cxx17__is_null_pointerIKcEEbPT_
DA:152,0
DA:153,0
DA:152,0
DA:153,0
end_of_record
SF:/usr/include/c++/9/iostream
end_of_record
